<?xml version="1.0" encoding="UTF-8"?>
<!-- Generated by org.testng.reporters.JUnitReportReporter -->
<testsuite hostname="DESKTOP-1QBSVOI" failures="0" tests="4" name="DependsOnTest" time="0.016" errors="0" timestamp="2022-05-31T08:24:23 PDT" skipped="0">
  <testcase classname="DependsOnTest" name="LogOut" time="0.002"/>
  <system-out/>
  <testcase classname="DependsOnTest" name="OpenBrowser" time="0.002"/>
  <system-out/>
  <testcase classname="DependsOnTest" name="SignIn" time="0.001"/>
  <system-out/>
  <testcase classname="DependsOnTest" name="OSignIn1" time="0.011"/>
  <system-out/>
</testsuite> <!-- DependsOnTest -->
