<?xml version="1.0" encoding="UTF-8"?>
<!-- Generated by org.testng.reporters.JUnitReportReporter -->
<testsuite hostname="DESKTOP-1QBSVOI" failures="0" tests="3" name="GroupsDemo" time="0.011" errors="0" timestamp="2022-05-27T19:01:22 PDT" skipped="0">
  <testcase classname="GroupsDemo" name="starting_point" time="0.003"/>
  <system-out/>
  <testcase classname="GroupsDemo" name="checkTitle" time="0.004"/>
  <system-out/>
  <testcase classname="GroupsDemo" name="click_element" time="0.004"/>
  <system-out/>
</testsuite> <!-- GroupsDemo -->
