<?xml version="1.0" encoding="UTF-8"?>
<!-- Generated by org.testng.reporters.JUnitReportReporter -->
<testsuite hostname="DESKTOP-1QBSVOI" failures="0" tests="4" name="TestNG" time="0.030" errors="0" timestamp="2022-05-27T19:11:39 PDT" skipped="0">
  <testcase classname="TestNG" name="c_method" time="0.007"/>
  <system-out/>
  <testcase classname="TestNG" name="d_method" time="0.009"/>
  <system-out/>
  <testcase classname="TestNG" name="z_testCase1" time="0.007"/>
  <system-out/>
  <testcase classname="TestNG" name="a_testCase2" time="0.007"/>
  <system-out/>
</testsuite> <!-- TestNG -->
